MACRO:     0
TIME:      Tue Mar 25 17:56:01 2008
INFO:      True
XTALINFO:  True
ERANGE:    (200, 400)
AREA:      True
MC:        True
SENS:      True
S:         True
PHOTONS:   10000.0
OFFSET:    0.0
FRACTION:  0.5
Tue Mar 25 17:56:01 2008: Writing crystal table
Tue Mar 25 17:56:05 2008: Calculating effective area
Tue Mar 25 17:56:08 2008: Calculating MC
Tue Mar 25 17:56:39 2008: Calculating equivalent surface
Tue Mar 25 17:56:39 2008: Calculating sensitivity
Tue Mar 25 17:56:39 2008: End

MACRO:     1
TIME:      Thu Nov 15 11:22:24 2012
INFO:      True
XTALINFO:  True
ERANGE:    (100, 300)
AREA:      True
MC:        True
SENS:      True
S:         True
PHOTONS:   10000.0
OFFSET:    0.0
FRACTION:  0.5
Thu Nov 15 11:22:24 2012: Writing crystal table
Thu Nov 15 11:22:26 2012: Calculating effective area
MACRO:     2
TIME:      Thu Nov 15 11:23:32 2012
INFO:      True
XTALINFO:  True
ERANGE:    (200, 205)
AREA:      True
MC:        True
SENS:      True
S:         True
PHOTONS:   10000.0
OFFSET:    0.0
FRACTION:  0.5
Thu Nov 15 11:23:32 2012: Writing crystal table
Thu Nov 15 11:23:32 2012: Calculating effective area
Thu Nov 15 11:23:32 2012: Calculating MC
MACRO:     3
TIME:      Thu Nov 15 11:23:41 2012
INFO:      True
XTALINFO:  True
ERANGE:    (200, 205)
AREA:      True
MC:        True
SENS:      True
S:         True
PHOTONS:   10000.0
OFFSET:    0.0
FRACTION:  0.5
Thu Nov 15 11:23:41 2012: Writing crystal table
Thu Nov 15 11:23:41 2012: Calculating effective area
Thu Nov 15 11:23:41 2012: Calculating MC
Thu Nov 15 11:24:09 2012: Calculating equivalent surface
Thu Nov 15 11:24:09 2012: Calculating sensitivity
Thu Nov 15 11:24:09 2012: End

MACRO:     4
TIME:      Thu Nov 15 11:29:35 2012
INFO:      True
XTALINFO:  True
ERANGE:    (200, 205)
AREA:      True
MC:        True
SENS:      True
S:         True
PHOTONS:   1000.0
OFFSET:    0.0
FRACTION:  0.5
Thu Nov 15 11:29:35 2012: Writing crystal table
Thu Nov 15 11:29:35 2012: Calculating effective area
Thu Nov 15 11:29:35 2012: Calculating MC
MACRO:     5
TIME:      Thu Nov 15 11:29:41 2012
INFO:      True
XTALINFO:  True
ERANGE:    (200, 205)
AREA:      True
MC:        True
SENS:      True
S:         True
PHOTONS:   1000.0
OFFSET:    0.0
FRACTION:  0.5
Thu Nov 15 11:29:41 2012: Writing crystal table
Thu Nov 15 11:29:41 2012: Calculating effective area
Thu Nov 15 11:29:41 2012: Calculating MC
Thu Nov 15 11:29:51 2012: Calculating equivalent surface
Thu Nov 15 11:29:51 2012: Calculating sensitivity
Thu Nov 15 11:29:51 2012: End

